Arguments: 
  C:\Program Files\nodejs\node.exe C:\Users\WYLCZD\AppData\Roaming\npm\node_modules\yarn\bin\yarn.js add -D @vue/preload-webpack-plugin

PATH: 
  C:\Windows\system32;C:\Windows;C:\Windows\System32\Wbem;C:\Windows\System32\WindowsPowerShell\v1.0\;C:\Windows\System32\OpenSSH\;C:\Program Files (x86)\NVIDIA Corporation\PhysX\Common;C:\Program Files\NVIDIA Corporation\NVIDIA NvDLISR;C:\Program Files (x86)\Microsoft SQL Server\100\Tools\Binn\;C:\Program Files\Microsoft SQL Server\100\Tools\Binn\;C:\Program Files\Microsoft SQL Server\100\DTS\Binn\;C:\WINDOWS\system32;C:\WINDOWS;C:\WINDOWS\System32\Wbem;C:\WINDOWS\System32\WindowsPowerShell\v1.0\;C:\WINDOWS\System32\OpenSSH\;D:\360Downloads\MATLABhhh\runtime\win64;D:\360Downloads\MATLABhhh\bin;D:\runtime\win64;D:\bin;D:\polyspace\bin;D:\360Downloads\MATLABhhh\polyspace\bin;D:\360Downloads\Git\cmd;D:\Git\cmd;C:\Program Files\nodejs\;C:\Users\WYLCZD\AppData\Local\Microsoft\WindowsApps;D:\Microsoft VS Code\bin;C:\Users\WYLCZD\AppData\Roaming\npm

Yarn version: 
  1.22.19

Node version: 
  16.15.1

Platform: 
  win32 x64

Trace: 
  Error: ENOENT: no such file or directory, copyfile 'C:\Users\WYLCZD\AppData\Local\Yarn\Cache\v6\npm-file-type-8.1.0-244f3b7ef641bbe0cca196c7276e4b332399f68c-integrity\node_modules\file-type\index.js' -> 'C:\Users\WYLCZD\Desktop\webpack_code\node_modules\bin-wrapper\node_modules\file-type\index.js'

npm manifest: 
  {
    "name": "webpack_code",
    "version": "1.0.0",
    "description": "",
    "main": "index.js",
    "scripts": {
      "start": "npm run dev",
      "dev": "webpack serve --config ./config/webpack.dev.js",
      "build": "webpack --config ./config/webpack.prod.js"
    },
    "keywords": [],
    "author": "",
    "license": "ISC",
    "devDependencies": {
      "@babel/core": "^7.19.6",
      "@babel/plugin-transform-runtime": "^7.19.6",
      "@babel/preset-env": "^7.19.4",
      "babel-loader": "^8.2.5",
      "css-loader": "^6.7.1",
      "css-minimizer-webpack-plugin": "^4.2.2",
      "eslint": "^8.26.0",
      "eslint-webpack-plugin": "^3.2.0",
      "html-webpack-plugin": "^5.5.0",
      "image-minimizer-webpack-plugin": "^3.6.1",
      "imagemin": "^8.0.1",
      "imagemin-gifsicle": "^7.0.0",
      "imagemin-jpegtran": "^7.0.0",
      "imagemin-optipng": "^8.0.0",
      "imagemin-svgo": "^10.0.1",
      "less": "^4.1.3",
      "less-loader": "^11.1.0",
      "mini-css-extract-plugin": "^2.6.1",
      "postcss": "^8.4.18",
      "postcss-loader": "^7.0.1",
      "postcss-preset-env": "^7.8.2",
      "sass": "^1.55.0",
      "sass-loader": "^13.1.0",
      "style-loader": "^3.3.1",
      "stylus-loader": "^7.1.0",
      "thread-loader": "^3.0.4",
      "webpack": "^5.74.0",
      "webpack-cli": "^4.10.0",
      "webpack-dev-server": "^4.11.1"
    },
    "browserslist": [
      "last 2 version",
      "> 1%",
      "not dead"
    ]
  }

yarn manifest: 
  No manifest

Lockfile: 
  No lockfile
